<?xml version="1.0" encoding="UTF-8"?>
<!-- Generated by org.testng.reporters.JUnitXMLReporter -->
<testsuite ignored="0" hostname="ICTDEV-W17" failures="0" tests="11" name="QA Assignment TestCases" time="307.992" errors="0" timestamp="2022-11-08T16:21:46 IST">
  <testcase classname="com.qa.test.LoginPageTest" name="LoginPageTitleTest" time="0.077"/>
  <testcase classname="com.qa.test.LoginPageTest" name="ValidateLoginTest" time="1.012"/>
  <testcase classname="com.qa.test.HomePageTest" name="VerifyPageTitleTest" time="0.007"/>
  <testcase classname="com.qa.test.HomePageTest" name="ClickOnUsersLink" time="7.481"/>
  <testcase classname="com.qa.test.HomePageTest" name="ClickOnApproveTimeTrackLink" time="13.312"/>
  <testcase classname="com.qa.test.HomePageTest" name="ClickOnReportLink" time="15.477"/>
  <testcase classname="com.qa.test.UsersPageTest" name="VerifyUserTitleLableTest" time="0.346"/>
  <testcase classname="com.qa.test.ApproveTimePageTest" name="VerifyUserTitleLableTest" time="0.029"/>
  <testcase classname="com.qa.test.ApproveTimePageTest" name="ApproveTime" time="1.938"/>
  <testcase classname="com.qa.test.ReportsPageTest" name="VerifyUserTitleLableTest" time="0.047"/>
  <testcase classname="com.qa.test.ReportsPageTest" name="GenerateLeaveReport" time="1.596"/>
</testsuite> <!-- QA Assignment TestCases -->
