<?xml version="1.0" encoding="UTF-8"?>
<testng-results ignored="0" total="11" passed="11" failed="0" skipped="0">
  <reporter-output>
  </reporter-output>
  <suite started-at="2022-11-08T16:16:38 IST" name="QA Assignment" finished-at="2022-11-08T16:21:46 IST" duration-ms="307992">
    <groups>
    </groups>
    <test started-at="2022-11-08T16:16:38 IST" name="QA Assignment TestCases" finished-at="2022-11-08T16:21:46 IST" duration-ms="307992">
      <class name="com.qa.test.LoginPageTest">
        <test-method is-config="true" signature="setUp()[pri:0, instance:com.qa.test.LoginPageTest@4d1bf319]" started-at="2022-11-08T16:16:38 IST" name="setUp" finished-at="2022-11-08T16:17:14 IST" duration-ms="35943" status="PASS">
          <reporter-output>
          </reporter-output>
        </test-method> <!-- setUp -->
        <test-method signature="LoginPageTitleTest()[pri:1, instance:com.qa.test.LoginPageTest@4d1bf319]" started-at="2022-11-08T16:17:14 IST" name="LoginPageTitleTest" finished-at="2022-11-08T16:17:14 IST" duration-ms="77" status="PASS">
          <reporter-output>
          </reporter-output>
        </test-method> <!-- LoginPageTitleTest -->
        <test-method is-config="true" signature="Dispose()[pri:0, instance:com.qa.test.LoginPageTest@4d1bf319]" started-at="2022-11-08T16:17:14 IST" name="Dispose" finished-at="2022-11-08T16:17:16 IST" duration-ms="2246" status="PASS">
          <reporter-output>
          </reporter-output>
        </test-method> <!-- Dispose -->
        <test-method is-config="true" signature="setUp()[pri:0, instance:com.qa.test.LoginPageTest@4d1bf319]" started-at="2022-11-08T16:17:16 IST" name="setUp" finished-at="2022-11-08T16:17:29 IST" duration-ms="12632" status="PASS">
          <reporter-output>
          </reporter-output>
        </test-method> <!-- setUp -->
        <test-method signature="ValidateLoginTest()[pri:2, instance:com.qa.test.LoginPageTest@4d1bf319]" started-at="2022-11-08T16:17:29 IST" name="ValidateLoginTest" finished-at="2022-11-08T16:17:30 IST" duration-ms="1012" status="PASS">
          <reporter-output>
          </reporter-output>
        </test-method> <!-- ValidateLoginTest -->
        <test-method is-config="true" signature="Dispose()[pri:0, instance:com.qa.test.LoginPageTest@4d1bf319]" started-at="2022-11-08T16:17:30 IST" name="Dispose" finished-at="2022-11-08T16:17:33 IST" duration-ms="3193" status="PASS">
          <reporter-output>
          </reporter-output>
        </test-method> <!-- Dispose -->
      </class> <!-- com.qa.test.LoginPageTest -->
      <class name="com.qa.test.ReportsPageTest">
        <test-method is-config="true" signature="SetUp()[pri:0, instance:com.qa.test.ReportsPageTest@6b09fb41]" started-at="2022-11-08T16:20:36 IST" name="SetUp" finished-at="2022-11-08T16:21:08 IST" duration-ms="32505" status="PASS">
          <reporter-output>
          </reporter-output>
        </test-method> <!-- SetUp -->
        <test-method signature="VerifyUserTitleLableTest()[pri:1, instance:com.qa.test.ReportsPageTest@6b09fb41]" started-at="2022-11-08T16:21:08 IST" name="VerifyUserTitleLableTest" finished-at="2022-11-08T16:21:08 IST" duration-ms="47" status="PASS">
          <reporter-output>
          </reporter-output>
        </test-method> <!-- VerifyUserTitleLableTest -->
        <test-method is-config="true" signature="Dispose()[pri:0, instance:com.qa.test.ReportsPageTest@6b09fb41]" started-at="2022-11-08T16:21:08 IST" name="Dispose" finished-at="2022-11-08T16:21:10 IST" duration-ms="1417" status="PASS">
          <reporter-output>
          </reporter-output>
        </test-method> <!-- Dispose -->
        <test-method is-config="true" signature="SetUp()[pri:0, instance:com.qa.test.ReportsPageTest@6b09fb41]" started-at="2022-11-08T16:21:10 IST" name="SetUp" finished-at="2022-11-08T16:21:43 IST" duration-ms="32806" status="PASS">
          <reporter-output>
          </reporter-output>
        </test-method> <!-- SetUp -->
        <test-method signature="GenerateLeaveReport()[pri:2, instance:com.qa.test.ReportsPageTest@6b09fb41]" started-at="2022-11-08T16:21:43 IST" name="GenerateLeaveReport" finished-at="2022-11-08T16:21:44 IST" duration-ms="1596" status="PASS">
          <reporter-output>
          </reporter-output>
        </test-method> <!-- GenerateLeaveReport -->
        <test-method is-config="true" signature="Dispose()[pri:0, instance:com.qa.test.ReportsPageTest@6b09fb41]" started-at="2022-11-08T16:21:44 IST" name="Dispose" finished-at="2022-11-08T16:21:46 IST" duration-ms="1805" status="PASS">
          <reporter-output>
          </reporter-output>
        </test-method> <!-- Dispose -->
      </class> <!-- com.qa.test.ReportsPageTest -->
      <class name="com.qa.test.HomePageTest">
        <test-method is-config="true" signature="SetUp()[pri:0, instance:com.qa.test.HomePageTest@7a6d7e92]" started-at="2022-11-08T16:17:33 IST" name="SetUp" finished-at="2022-11-08T16:17:47 IST" duration-ms="14357" status="PASS">
          <reporter-output>
          </reporter-output>
        </test-method> <!-- SetUp -->
        <test-method signature="VerifyPageTitleTest()[pri:1, instance:com.qa.test.HomePageTest@7a6d7e92]" started-at="2022-11-08T16:17:47 IST" name="VerifyPageTitleTest" finished-at="2022-11-08T16:17:47 IST" duration-ms="7" status="PASS">
          <reporter-output>
          </reporter-output>
        </test-method> <!-- VerifyPageTitleTest -->
        <test-method is-config="true" signature="Dispose()[pri:0, instance:com.qa.test.HomePageTest@7a6d7e92]" started-at="2022-11-08T16:17:47 IST" name="Dispose" finished-at="2022-11-08T16:17:49 IST" duration-ms="1428" status="PASS">
          <reporter-output>
          </reporter-output>
        </test-method> <!-- Dispose -->
        <test-method is-config="true" signature="SetUp()[pri:0, instance:com.qa.test.HomePageTest@7a6d7e92]" started-at="2022-11-08T16:17:49 IST" name="SetUp" finished-at="2022-11-08T16:18:02 IST" duration-ms="12612" status="PASS">
          <reporter-output>
          </reporter-output>
        </test-method> <!-- SetUp -->
        <test-method signature="ClickOnUsersLink()[pri:2, instance:com.qa.test.HomePageTest@7a6d7e92]" started-at="2022-11-08T16:18:02 IST" name="ClickOnUsersLink" finished-at="2022-11-08T16:18:09 IST" duration-ms="7481" status="PASS">
          <reporter-output>
          </reporter-output>
        </test-method> <!-- ClickOnUsersLink -->
        <test-method is-config="true" signature="Dispose()[pri:0, instance:com.qa.test.HomePageTest@7a6d7e92]" started-at="2022-11-08T16:18:09 IST" name="Dispose" finished-at="2022-11-08T16:18:11 IST" duration-ms="1793" status="PASS">
          <reporter-output>
          </reporter-output>
        </test-method> <!-- Dispose -->
        <test-method is-config="true" signature="SetUp()[pri:0, instance:com.qa.test.HomePageTest@7a6d7e92]" started-at="2022-11-08T16:18:11 IST" name="SetUp" finished-at="2022-11-08T16:18:24 IST" duration-ms="12782" status="PASS">
          <reporter-output>
          </reporter-output>
        </test-method> <!-- SetUp -->
        <test-method signature="ClickOnApproveTimeTrackLink()[pri:3, instance:com.qa.test.HomePageTest@7a6d7e92]" started-at="2022-11-08T16:18:24 IST" name="ClickOnApproveTimeTrackLink" finished-at="2022-11-08T16:18:37 IST" duration-ms="13312" status="PASS">
          <reporter-output>
          </reporter-output>
        </test-method> <!-- ClickOnApproveTimeTrackLink -->
        <test-method is-config="true" signature="Dispose()[pri:0, instance:com.qa.test.HomePageTest@7a6d7e92]" started-at="2022-11-08T16:18:37 IST" name="Dispose" finished-at="2022-11-08T16:18:38 IST" duration-ms="1436" status="PASS">
          <reporter-output>
          </reporter-output>
        </test-method> <!-- Dispose -->
        <test-method is-config="true" signature="SetUp()[pri:0, instance:com.qa.test.HomePageTest@7a6d7e92]" started-at="2022-11-08T16:18:38 IST" name="SetUp" finished-at="2022-11-08T16:18:54 IST" duration-ms="15911" status="PASS">
          <reporter-output>
          </reporter-output>
        </test-method> <!-- SetUp -->
        <test-method signature="ClickOnReportLink()[pri:4, instance:com.qa.test.HomePageTest@7a6d7e92]" started-at="2022-11-08T16:18:54 IST" name="ClickOnReportLink" finished-at="2022-11-08T16:19:10 IST" duration-ms="15477" status="PASS">
          <reporter-output>
          </reporter-output>
        </test-method> <!-- ClickOnReportLink -->
        <test-method is-config="true" signature="Dispose()[pri:0, instance:com.qa.test.HomePageTest@7a6d7e92]" started-at="2022-11-08T16:19:10 IST" name="Dispose" finished-at="2022-11-08T16:19:11 IST" duration-ms="1373" status="PASS">
          <reporter-output>
          </reporter-output>
        </test-method> <!-- Dispose -->
      </class> <!-- com.qa.test.HomePageTest -->
      <class name="com.qa.test.UsersPageTest">
        <test-method is-config="true" signature="SetUp()[pri:0, instance:com.qa.test.UsersPageTest@97e93f1]" started-at="2022-11-08T16:19:11 IST" name="SetUp" finished-at="2022-11-08T16:19:41 IST" duration-ms="29402" status="PASS">
          <reporter-output>
          </reporter-output>
        </test-method> <!-- SetUp -->
        <test-method signature="VerifyUserTitleLableTest()[pri:1, instance:com.qa.test.UsersPageTest@97e93f1]" started-at="2022-11-08T16:19:41 IST" name="VerifyUserTitleLableTest" finished-at="2022-11-08T16:19:41 IST" duration-ms="346" status="PASS">
          <reporter-output>
          </reporter-output>
        </test-method> <!-- VerifyUserTitleLableTest -->
        <test-method is-config="true" signature="Dispose()[pri:0, instance:com.qa.test.UsersPageTest@97e93f1]" started-at="2022-11-08T16:19:41 IST" name="Dispose" finished-at="2022-11-08T16:19:43 IST" duration-ms="1926" status="PASS">
          <reporter-output>
          </reporter-output>
        </test-method> <!-- Dispose -->
      </class> <!-- com.qa.test.UsersPageTest -->
      <class name="com.qa.test.ApproveTimePageTest">
        <test-method is-config="true" signature="SetUp()[pri:0, instance:com.qa.test.ApproveTimePageTest@16150369]" started-at="2022-11-08T16:19:43 IST" name="SetUp" finished-at="2022-11-08T16:20:05 IST" duration-ms="22269" status="PASS">
          <reporter-output>
          </reporter-output>
        </test-method> <!-- SetUp -->
        <test-method signature="VerifyUserTitleLableTest()[pri:1, instance:com.qa.test.ApproveTimePageTest@16150369]" started-at="2022-11-08T16:20:05 IST" name="VerifyUserTitleLableTest" finished-at="2022-11-08T16:20:05 IST" duration-ms="29" status="PASS">
          <reporter-output>
          </reporter-output>
        </test-method> <!-- VerifyUserTitleLableTest -->
        <test-method is-config="true" signature="Dispose()[pri:0, instance:com.qa.test.ApproveTimePageTest@16150369]" started-at="2022-11-08T16:20:05 IST" name="Dispose" finished-at="2022-11-08T16:20:07 IST" duration-ms="1839" status="PASS">
          <reporter-output>
          </reporter-output>
        </test-method> <!-- Dispose -->
        <test-method is-config="true" signature="SetUp()[pri:0, instance:com.qa.test.ApproveTimePageTest@16150369]" started-at="2022-11-08T16:20:08 IST" name="SetUp" finished-at="2022-11-08T16:20:32 IST" duration-ms="23779" status="PASS">
          <reporter-output>
          </reporter-output>
        </test-method> <!-- SetUp -->
        <test-method signature="ApproveTime(java.lang.String,java.lang.String)[pri:2, instance:com.qa.test.ApproveTimePageTest@16150369]" started-at="2022-11-08T16:20:32 IST" name="ApproveTime" data-provider="getTestDataFromExcel" finished-at="2022-11-08T16:20:34 IST" duration-ms="1938" status="PASS">
          <params>
            <param index="0">
              <value>
                <![CDATA[Nowak, Peter]]>
              </value>
            </param>
            <param index="1">
              <value>
                <![CDATA[Nov 07 - Nov 13, 2022]]>
              </value>
            </param>
          </params>
          <reporter-output>
          </reporter-output>
        </test-method> <!-- ApproveTime -->
        <test-method is-config="true" signature="Dispose()[pri:0, instance:com.qa.test.ApproveTimePageTest@16150369]" started-at="2022-11-08T16:20:34 IST" name="Dispose" finished-at="2022-11-08T16:20:36 IST" duration-ms="1991" status="PASS">
          <reporter-output>
          </reporter-output>
        </test-method> <!-- Dispose -->
      </class> <!-- com.qa.test.ApproveTimePageTest -->
    </test> <!-- QA Assignment TestCases -->
  </suite> <!-- QA Assignment -->
</testng-results>
